<?xml version="1.0" encoding="UTF-8"?>
<!-- Generated by org.testng.reporters.JUnitReportReporter -->
<testsuite hostname="WTIN01503525L" name="tests.BFO_SAP_RELTIO_POC" tests="4" failures="0" timestamp="17 Jan 2022 09:34:05 GMT" time="0.001" errors="4">
  <testcase name="reltioPOC_DisplayCustomerView" time="0.001" classname="tests.BFO_SAP_RELTIO_POC">
    <error type="org.openqa.selenium.SessionNotCreatedException" message="session not created: This version of ChromeDriver only supports Chrome version 92
Current browser version is 97.0.4692.71 with binary path C:\Program Files (x86)\Google\Chrome\Application\chrome.exe
Build info: version: &#039;3.141.5&#039;, revision: &#039;d54ebd709a&#039;, time: &#039;2018-11-06T11:42:16&#039;
System info: host: &#039;WTIN01503525L&#039;, ip: &#039;10.252.169.125&#039;, os.name: &#039;Windows 10&#039;, os.arch: &#039;x86&#039;, os.version: &#039;10.0&#039;, java.version: &#039;1.8.0_281&#039;
Driver info: driver.version: ChromeDriver
remote stacktrace: Backtrace:
	Ordinal0 [0x00AC5843+2512963]
	Ordinal0 [0x00A5EED1+2092753]
	Ordinal0 [0x00961F48+1056584]
	Ordinal0 [0x009801AA+1180074]
	Ordinal0 [0x0097C0C5+1163461]
	Ordinal0 [0x0097990F+1153295]
	Ordinal0 [0x009A994F+1349967]
	Ordinal0 [0x009A95BA+1349050]
	Ordinal0 [0x009A54BB+1332411]
	Ordinal0 [0x00981D14+1187092]
	Ordinal0 [0x00982B79+1190777]
	GetHandleVerifier [0x00C40C56+1501718]
	GetHandleVerifier [0x00CEE97F+2213695]
	GetHandleVerifier [0x00B48C92+485970]
	GetHandleVerifier [0x00B47D59+482073]
	Ordinal0 [0x00A6471D+2115357]
	Ordinal0 [0x00A68678+2131576]
	Ordinal0 [0x00A687B2+2131890]
	Ordinal0 [0x00A71971+2169201]
	BaseThreadInitThunk [0x7542FA29+25]
	RtlGetAppContainerNamedObjectPath [0x773A7A9E+286]
	RtlGetAppContainerNamedObjectPath [0x773A7A6E+238]
">
      <![CDATA[org.openqa.selenium.SessionNotCreatedException: session not created: This version of ChromeDriver only supports Chrome version 92
Current browser version is 97.0.4692.71 with binary path C:\Program Files (x86)\Google\Chrome\Application\chrome.exe
Build info: version: '3.141.5', revision: 'd54ebd709a', time: '2018-11-06T11:42:16'
System info: host: 'WTIN01503525L', ip: '10.252.169.125', os.name: 'Windows 10', os.arch: 'x86', os.version: '10.0', java.version: '1.8.0_281'
Driver info: driver.version: ChromeDriver
remote stacktrace: Backtrace:
	Ordinal0 [0x00AC5843+2512963]
	Ordinal0 [0x00A5EED1+2092753]
	Ordinal0 [0x00961F48+1056584]
	Ordinal0 [0x009801AA+1180074]
	Ordinal0 [0x0097C0C5+1163461]
	Ordinal0 [0x0097990F+1153295]
	Ordinal0 [0x009A994F+1349967]
	Ordinal0 [0x009A95BA+1349050]
	Ordinal0 [0x009A54BB+1332411]
	Ordinal0 [0x00981D14+1187092]
	Ordinal0 [0x00982B79+1190777]
	GetHandleVerifier [0x00C40C56+1501718]
	GetHandleVerifier [0x00CEE97F+2213695]
	GetHandleVerifier [0x00B48C92+485970]
	GetHandleVerifier [0x00B47D59+482073]
	Ordinal0 [0x00A6471D+2115357]
	Ordinal0 [0x00A68678+2131576]
	Ordinal0 [0x00A687B2+2131890]
	Ordinal0 [0x00A71971+2169201]
	BaseThreadInitThunk [0x7542FA29+25]
	RtlGetAppContainerNamedObjectPath [0x773A7A9E+286]
	RtlGetAppContainerNamedObjectPath [0x773A7A6E+238]

	at sun.reflect.NativeConstructorAccessorImpl.newInstance0(Native Method)
	at sun.reflect.NativeConstructorAccessorImpl.newInstance(Unknown Source)
	at sun.reflect.DelegatingConstructorAccessorImpl.newInstance(Unknown Source)
	at java.lang.reflect.Constructor.newInstance(Unknown Source)
	at org.openqa.selenium.remote.W3CHandshakeResponse.lambda$errorHandler$0(W3CHandshakeResponse.java:62)
	at org.openqa.selenium.remote.HandshakeResponse.lambda$getResponseFunction$0(HandshakeResponse.java:30)
	at org.openqa.selenium.remote.ProtocolHandshake.lambda$createSession$0(ProtocolHandshake.java:123)
	at java.util.stream.ReferencePipeline$3$1.accept(Unknown Source)
	at java.util.Spliterators$ArraySpliterator.tryAdvance(Unknown Source)
	at java.util.stream.ReferencePipeline.forEachWithCancel(Unknown Source)
	at java.util.stream.AbstractPipeline.copyIntoWithCancel(Unknown Source)
	at java.util.stream.AbstractPipeline.copyInto(Unknown Source)
	at java.util.stream.AbstractPipeline.wrapAndCopyInto(Unknown Source)
	at java.util.stream.FindOps$FindOp.evaluateSequential(Unknown Source)
	at java.util.stream.AbstractPipeline.evaluate(Unknown Source)
	at java.util.stream.ReferencePipeline.findFirst(Unknown Source)
	at org.openqa.selenium.remote.ProtocolHandshake.createSession(ProtocolHandshake.java:125)
	at org.openqa.selenium.remote.ProtocolHandshake.createSession(ProtocolHandshake.java:74)
	at org.openqa.selenium.remote.HttpCommandExecutor.execute(HttpCommandExecutor.java:136)
	at org.openqa.selenium.remote.service.DriverCommandExecutor.execute(DriverCommandExecutor.java:83)
	at org.openqa.selenium.remote.RemoteWebDriver.execute(RemoteWebDriver.java:552)
	at org.openqa.selenium.remote.RemoteWebDriver.startSession(RemoteWebDriver.java:213)
	at org.openqa.selenium.remote.RemoteWebDriver.<init>(RemoteWebDriver.java:131)
	at org.openqa.selenium.chrome.ChromeDriver.<init>(ChromeDriver.java:181)
	at org.openqa.selenium.chrome.ChromeDriver.<init>(ChromeDriver.java:168)
	at org.openqa.selenium.chrome.ChromeDriver.<init>(ChromeDriver.java:157)
	at driverfactory.ChromeDriverManager.createDriver(ChromeDriverManager.java:20)
	at driverfactory.DriverFactory.createWebDriverInstance(DriverFactory.java:19)
	at tests.BFO_SAP_RELTIO_POC.setup(BFO_SAP_RELTIO_POC.java:32)
	at sun.reflect.NativeMethodAccessorImpl.invoke0(Native Method)
	at sun.reflect.NativeMethodAccessorImpl.invoke(Unknown Source)
	at sun.reflect.DelegatingMethodAccessorImpl.invoke(Unknown Source)
	at java.lang.reflect.Method.invoke(Unknown Source)
	at org.testng.internal.MethodInvocationHelper.invokeMethod(MethodInvocationHelper.java:86)
	at org.testng.internal.Invoker.invokeConfigurationMethod(Invoker.java:514)
	at org.testng.internal.Invoker.invokeConfigurations(Invoker.java:215)
	at org.testng.internal.Invoker.invokeConfigurations(Invoker.java:142)
	at org.testng.TestRunner.beforeRun(TestRunner.java:656)
	at org.testng.TestRunner.run(TestRunner.java:624)
	at org.testng.SuiteRunner.runTest(SuiteRunner.java:366)
	at org.testng.SuiteRunner.runSequentially(SuiteRunner.java:361)
	at org.testng.SuiteRunner.privateRun(SuiteRunner.java:319)
	at org.testng.SuiteRunner.run(SuiteRunner.java:268)
	at org.testng.SuiteRunnerWorker.runSuite(SuiteRunnerWorker.java:52)
	at org.testng.SuiteRunnerWorker.run(SuiteRunnerWorker.java:86)
	at org.testng.TestNG.runSuitesSequentially(TestNG.java:1244)
	at org.testng.TestNG.runSuitesLocally(TestNG.java:1169)
	at org.testng.TestNG.run(TestNG.java:1064)
	at org.testng.remote.RemoteTestNG.run(RemoteTestNG.java:113)
	at org.testng.remote.RemoteTestNG.initAndRun(RemoteTestNG.java:206)
	at org.testng.remote.RemoteTestNG.main(RemoteTestNG.java:177)
]]>
    </error>
  </testcase> <!-- reltioPOC_DisplayCustomerView -->
  <testcase name="verifyAccountInReltio" time="0.000" classname="tests.BFO_SAP_RELTIO_POC">
    <error type="org.openqa.selenium.SessionNotCreatedException" message="session not created: This version of ChromeDriver only supports Chrome version 92
Current browser version is 97.0.4692.71 with binary path C:\Program Files (x86)\Google\Chrome\Application\chrome.exe
Build info: version: &#039;3.141.5&#039;, revision: &#039;d54ebd709a&#039;, time: &#039;2018-11-06T11:42:16&#039;
System info: host: &#039;WTIN01503525L&#039;, ip: &#039;10.252.169.125&#039;, os.name: &#039;Windows 10&#039;, os.arch: &#039;x86&#039;, os.version: &#039;10.0&#039;, java.version: &#039;1.8.0_281&#039;
Driver info: driver.version: ChromeDriver
remote stacktrace: Backtrace:
	Ordinal0 [0x00AC5843+2512963]
	Ordinal0 [0x00A5EED1+2092753]
	Ordinal0 [0x00961F48+1056584]
	Ordinal0 [0x009801AA+1180074]
	Ordinal0 [0x0097C0C5+1163461]
	Ordinal0 [0x0097990F+1153295]
	Ordinal0 [0x009A994F+1349967]
	Ordinal0 [0x009A95BA+1349050]
	Ordinal0 [0x009A54BB+1332411]
	Ordinal0 [0x00981D14+1187092]
	Ordinal0 [0x00982B79+1190777]
	GetHandleVerifier [0x00C40C56+1501718]
	GetHandleVerifier [0x00CEE97F+2213695]
	GetHandleVerifier [0x00B48C92+485970]
	GetHandleVerifier [0x00B47D59+482073]
	Ordinal0 [0x00A6471D+2115357]
	Ordinal0 [0x00A68678+2131576]
	Ordinal0 [0x00A687B2+2131890]
	Ordinal0 [0x00A71971+2169201]
	BaseThreadInitThunk [0x7542FA29+25]
	RtlGetAppContainerNamedObjectPath [0x773A7A9E+286]
	RtlGetAppContainerNamedObjectPath [0x773A7A6E+238]
">
      <![CDATA[org.openqa.selenium.SessionNotCreatedException: session not created: This version of ChromeDriver only supports Chrome version 92
Current browser version is 97.0.4692.71 with binary path C:\Program Files (x86)\Google\Chrome\Application\chrome.exe
Build info: version: '3.141.5', revision: 'd54ebd709a', time: '2018-11-06T11:42:16'
System info: host: 'WTIN01503525L', ip: '10.252.169.125', os.name: 'Windows 10', os.arch: 'x86', os.version: '10.0', java.version: '1.8.0_281'
Driver info: driver.version: ChromeDriver
remote stacktrace: Backtrace:
	Ordinal0 [0x00AC5843+2512963]
	Ordinal0 [0x00A5EED1+2092753]
	Ordinal0 [0x00961F48+1056584]
	Ordinal0 [0x009801AA+1180074]
	Ordinal0 [0x0097C0C5+1163461]
	Ordinal0 [0x0097990F+1153295]
	Ordinal0 [0x009A994F+1349967]
	Ordinal0 [0x009A95BA+1349050]
	Ordinal0 [0x009A54BB+1332411]
	Ordinal0 [0x00981D14+1187092]
	Ordinal0 [0x00982B79+1190777]
	GetHandleVerifier [0x00C40C56+1501718]
	GetHandleVerifier [0x00CEE97F+2213695]
	GetHandleVerifier [0x00B48C92+485970]
	GetHandleVerifier [0x00B47D59+482073]
	Ordinal0 [0x00A6471D+2115357]
	Ordinal0 [0x00A68678+2131576]
	Ordinal0 [0x00A687B2+2131890]
	Ordinal0 [0x00A71971+2169201]
	BaseThreadInitThunk [0x7542FA29+25]
	RtlGetAppContainerNamedObjectPath [0x773A7A9E+286]
	RtlGetAppContainerNamedObjectPath [0x773A7A6E+238]

	at sun.reflect.NativeConstructorAccessorImpl.newInstance0(Native Method)
	at sun.reflect.NativeConstructorAccessorImpl.newInstance(Unknown Source)
	at sun.reflect.DelegatingConstructorAccessorImpl.newInstance(Unknown Source)
	at java.lang.reflect.Constructor.newInstance(Unknown Source)
	at org.openqa.selenium.remote.W3CHandshakeResponse.lambda$errorHandler$0(W3CHandshakeResponse.java:62)
	at org.openqa.selenium.remote.HandshakeResponse.lambda$getResponseFunction$0(HandshakeResponse.java:30)
	at org.openqa.selenium.remote.ProtocolHandshake.lambda$createSession$0(ProtocolHandshake.java:123)
	at java.util.stream.ReferencePipeline$3$1.accept(Unknown Source)
	at java.util.Spliterators$ArraySpliterator.tryAdvance(Unknown Source)
	at java.util.stream.ReferencePipeline.forEachWithCancel(Unknown Source)
	at java.util.stream.AbstractPipeline.copyIntoWithCancel(Unknown Source)
	at java.util.stream.AbstractPipeline.copyInto(Unknown Source)
	at java.util.stream.AbstractPipeline.wrapAndCopyInto(Unknown Source)
	at java.util.stream.FindOps$FindOp.evaluateSequential(Unknown Source)
	at java.util.stream.AbstractPipeline.evaluate(Unknown Source)
	at java.util.stream.ReferencePipeline.findFirst(Unknown Source)
	at org.openqa.selenium.remote.ProtocolHandshake.createSession(ProtocolHandshake.java:125)
	at org.openqa.selenium.remote.ProtocolHandshake.createSession(ProtocolHandshake.java:74)
	at org.openqa.selenium.remote.HttpCommandExecutor.execute(HttpCommandExecutor.java:136)
	at org.openqa.selenium.remote.service.DriverCommandExecutor.execute(DriverCommandExecutor.java:83)
	at org.openqa.selenium.remote.RemoteWebDriver.execute(RemoteWebDriver.java:552)
	at org.openqa.selenium.remote.RemoteWebDriver.startSession(RemoteWebDriver.java:213)
	at org.openqa.selenium.remote.RemoteWebDriver.<init>(RemoteWebDriver.java:131)
	at org.openqa.selenium.chrome.ChromeDriver.<init>(ChromeDriver.java:181)
	at org.openqa.selenium.chrome.ChromeDriver.<init>(ChromeDriver.java:168)
	at org.openqa.selenium.chrome.ChromeDriver.<init>(ChromeDriver.java:157)
	at driverfactory.ChromeDriverManager.createDriver(ChromeDriverManager.java:20)
	at driverfactory.DriverFactory.createWebDriverInstance(DriverFactory.java:19)
	at tests.BFO_SAP_RELTIO_POC.setup(BFO_SAP_RELTIO_POC.java:32)
	at sun.reflect.NativeMethodAccessorImpl.invoke0(Native Method)
	at sun.reflect.NativeMethodAccessorImpl.invoke(Unknown Source)
	at sun.reflect.DelegatingMethodAccessorImpl.invoke(Unknown Source)
	at java.lang.reflect.Method.invoke(Unknown Source)
	at org.testng.internal.MethodInvocationHelper.invokeMethod(MethodInvocationHelper.java:86)
	at org.testng.internal.Invoker.invokeConfigurationMethod(Invoker.java:514)
	at org.testng.internal.Invoker.invokeConfigurations(Invoker.java:215)
	at org.testng.internal.Invoker.invokeConfigurations(Invoker.java:142)
	at org.testng.TestRunner.beforeRun(TestRunner.java:656)
	at org.testng.TestRunner.run(TestRunner.java:624)
	at org.testng.SuiteRunner.runTest(SuiteRunner.java:366)
	at org.testng.SuiteRunner.runSequentially(SuiteRunner.java:361)
	at org.testng.SuiteRunner.privateRun(SuiteRunner.java:319)
	at org.testng.SuiteRunner.run(SuiteRunner.java:268)
	at org.testng.SuiteRunnerWorker.runSuite(SuiteRunnerWorker.java:52)
	at org.testng.SuiteRunnerWorker.run(SuiteRunnerWorker.java:86)
	at org.testng.TestNG.runSuitesSequentially(TestNG.java:1244)
	at org.testng.TestNG.runSuitesLocally(TestNG.java:1169)
	at org.testng.TestNG.run(TestNG.java:1064)
	at org.testng.remote.RemoteTestNG.run(RemoteTestNG.java:113)
	at org.testng.remote.RemoteTestNG.initAndRun(RemoteTestNG.java:206)
	at org.testng.remote.RemoteTestNG.main(RemoteTestNG.java:177)
]]>
    </error>
  </testcase> <!-- verifyAccountInReltio -->
  <testcase name="createSalesView" time="0.000" classname="tests.BFO_SAP_RELTIO_POC">
    <error type="org.openqa.selenium.SessionNotCreatedException" message="session not created: This version of ChromeDriver only supports Chrome version 92
Current browser version is 97.0.4692.71 with binary path C:\Program Files (x86)\Google\Chrome\Application\chrome.exe
Build info: version: &#039;3.141.5&#039;, revision: &#039;d54ebd709a&#039;, time: &#039;2018-11-06T11:42:16&#039;
System info: host: &#039;WTIN01503525L&#039;, ip: &#039;10.252.169.125&#039;, os.name: &#039;Windows 10&#039;, os.arch: &#039;x86&#039;, os.version: &#039;10.0&#039;, java.version: &#039;1.8.0_281&#039;
Driver info: driver.version: ChromeDriver
remote stacktrace: Backtrace:
	Ordinal0 [0x00AC5843+2512963]
	Ordinal0 [0x00A5EED1+2092753]
	Ordinal0 [0x00961F48+1056584]
	Ordinal0 [0x009801AA+1180074]
	Ordinal0 [0x0097C0C5+1163461]
	Ordinal0 [0x0097990F+1153295]
	Ordinal0 [0x009A994F+1349967]
	Ordinal0 [0x009A95BA+1349050]
	Ordinal0 [0x009A54BB+1332411]
	Ordinal0 [0x00981D14+1187092]
	Ordinal0 [0x00982B79+1190777]
	GetHandleVerifier [0x00C40C56+1501718]
	GetHandleVerifier [0x00CEE97F+2213695]
	GetHandleVerifier [0x00B48C92+485970]
	GetHandleVerifier [0x00B47D59+482073]
	Ordinal0 [0x00A6471D+2115357]
	Ordinal0 [0x00A68678+2131576]
	Ordinal0 [0x00A687B2+2131890]
	Ordinal0 [0x00A71971+2169201]
	BaseThreadInitThunk [0x7542FA29+25]
	RtlGetAppContainerNamedObjectPath [0x773A7A9E+286]
	RtlGetAppContainerNamedObjectPath [0x773A7A6E+238]
">
      <![CDATA[org.openqa.selenium.SessionNotCreatedException: session not created: This version of ChromeDriver only supports Chrome version 92
Current browser version is 97.0.4692.71 with binary path C:\Program Files (x86)\Google\Chrome\Application\chrome.exe
Build info: version: '3.141.5', revision: 'd54ebd709a', time: '2018-11-06T11:42:16'
System info: host: 'WTIN01503525L', ip: '10.252.169.125', os.name: 'Windows 10', os.arch: 'x86', os.version: '10.0', java.version: '1.8.0_281'
Driver info: driver.version: ChromeDriver
remote stacktrace: Backtrace:
	Ordinal0 [0x00AC5843+2512963]
	Ordinal0 [0x00A5EED1+2092753]
	Ordinal0 [0x00961F48+1056584]
	Ordinal0 [0x009801AA+1180074]
	Ordinal0 [0x0097C0C5+1163461]
	Ordinal0 [0x0097990F+1153295]
	Ordinal0 [0x009A994F+1349967]
	Ordinal0 [0x009A95BA+1349050]
	Ordinal0 [0x009A54BB+1332411]
	Ordinal0 [0x00981D14+1187092]
	Ordinal0 [0x00982B79+1190777]
	GetHandleVerifier [0x00C40C56+1501718]
	GetHandleVerifier [0x00CEE97F+2213695]
	GetHandleVerifier [0x00B48C92+485970]
	GetHandleVerifier [0x00B47D59+482073]
	Ordinal0 [0x00A6471D+2115357]
	Ordinal0 [0x00A68678+2131576]
	Ordinal0 [0x00A687B2+2131890]
	Ordinal0 [0x00A71971+2169201]
	BaseThreadInitThunk [0x7542FA29+25]
	RtlGetAppContainerNamedObjectPath [0x773A7A9E+286]
	RtlGetAppContainerNamedObjectPath [0x773A7A6E+238]

	at sun.reflect.NativeConstructorAccessorImpl.newInstance0(Native Method)
	at sun.reflect.NativeConstructorAccessorImpl.newInstance(Unknown Source)
	at sun.reflect.DelegatingConstructorAccessorImpl.newInstance(Unknown Source)
	at java.lang.reflect.Constructor.newInstance(Unknown Source)
	at org.openqa.selenium.remote.W3CHandshakeResponse.lambda$errorHandler$0(W3CHandshakeResponse.java:62)
	at org.openqa.selenium.remote.HandshakeResponse.lambda$getResponseFunction$0(HandshakeResponse.java:30)
	at org.openqa.selenium.remote.ProtocolHandshake.lambda$createSession$0(ProtocolHandshake.java:123)
	at java.util.stream.ReferencePipeline$3$1.accept(Unknown Source)
	at java.util.Spliterators$ArraySpliterator.tryAdvance(Unknown Source)
	at java.util.stream.ReferencePipeline.forEachWithCancel(Unknown Source)
	at java.util.stream.AbstractPipeline.copyIntoWithCancel(Unknown Source)
	at java.util.stream.AbstractPipeline.copyInto(Unknown Source)
	at java.util.stream.AbstractPipeline.wrapAndCopyInto(Unknown Source)
	at java.util.stream.FindOps$FindOp.evaluateSequential(Unknown Source)
	at java.util.stream.AbstractPipeline.evaluate(Unknown Source)
	at java.util.stream.ReferencePipeline.findFirst(Unknown Source)
	at org.openqa.selenium.remote.ProtocolHandshake.createSession(ProtocolHandshake.java:125)
	at org.openqa.selenium.remote.ProtocolHandshake.createSession(ProtocolHandshake.java:74)
	at org.openqa.selenium.remote.HttpCommandExecutor.execute(HttpCommandExecutor.java:136)
	at org.openqa.selenium.remote.service.DriverCommandExecutor.execute(DriverCommandExecutor.java:83)
	at org.openqa.selenium.remote.RemoteWebDriver.execute(RemoteWebDriver.java:552)
	at org.openqa.selenium.remote.RemoteWebDriver.startSession(RemoteWebDriver.java:213)
	at org.openqa.selenium.remote.RemoteWebDriver.<init>(RemoteWebDriver.java:131)
	at org.openqa.selenium.chrome.ChromeDriver.<init>(ChromeDriver.java:181)
	at org.openqa.selenium.chrome.ChromeDriver.<init>(ChromeDriver.java:168)
	at org.openqa.selenium.chrome.ChromeDriver.<init>(ChromeDriver.java:157)
	at driverfactory.ChromeDriverManager.createDriver(ChromeDriverManager.java:20)
	at driverfactory.DriverFactory.createWebDriverInstance(DriverFactory.java:19)
	at tests.BFO_SAP_RELTIO_POC.setup(BFO_SAP_RELTIO_POC.java:32)
	at sun.reflect.NativeMethodAccessorImpl.invoke0(Native Method)
	at sun.reflect.NativeMethodAccessorImpl.invoke(Unknown Source)
	at sun.reflect.DelegatingMethodAccessorImpl.invoke(Unknown Source)
	at java.lang.reflect.Method.invoke(Unknown Source)
	at org.testng.internal.MethodInvocationHelper.invokeMethod(MethodInvocationHelper.java:86)
	at org.testng.internal.Invoker.invokeConfigurationMethod(Invoker.java:514)
	at org.testng.internal.Invoker.invokeConfigurations(Invoker.java:215)
	at org.testng.internal.Invoker.invokeConfigurations(Invoker.java:142)
	at org.testng.TestRunner.beforeRun(TestRunner.java:656)
	at org.testng.TestRunner.run(TestRunner.java:624)
	at org.testng.SuiteRunner.runTest(SuiteRunner.java:366)
	at org.testng.SuiteRunner.runSequentially(SuiteRunner.java:361)
	at org.testng.SuiteRunner.privateRun(SuiteRunner.java:319)
	at org.testng.SuiteRunner.run(SuiteRunner.java:268)
	at org.testng.SuiteRunnerWorker.runSuite(SuiteRunnerWorker.java:52)
	at org.testng.SuiteRunnerWorker.run(SuiteRunnerWorker.java:86)
	at org.testng.TestNG.runSuitesSequentially(TestNG.java:1244)
	at org.testng.TestNG.runSuitesLocally(TestNG.java:1169)
	at org.testng.TestNG.run(TestNG.java:1064)
	at org.testng.remote.RemoteTestNG.run(RemoteTestNG.java:113)
	at org.testng.remote.RemoteTestNG.initAndRun(RemoteTestNG.java:206)
	at org.testng.remote.RemoteTestNG.main(RemoteTestNG.java:177)
]]>
    </error>
  </testcase> <!-- createSalesView -->
  <testcase name="reltioPOC_SyncAccountFromBFOToSAP" time="0.000" classname="tests.BFO_SAP_RELTIO_POC">
    <error type="org.openqa.selenium.SessionNotCreatedException" message="session not created: This version of ChromeDriver only supports Chrome version 92
Current browser version is 97.0.4692.71 with binary path C:\Program Files (x86)\Google\Chrome\Application\chrome.exe
Build info: version: &#039;3.141.5&#039;, revision: &#039;d54ebd709a&#039;, time: &#039;2018-11-06T11:42:16&#039;
System info: host: &#039;WTIN01503525L&#039;, ip: &#039;10.252.169.125&#039;, os.name: &#039;Windows 10&#039;, os.arch: &#039;x86&#039;, os.version: &#039;10.0&#039;, java.version: &#039;1.8.0_281&#039;
Driver info: driver.version: ChromeDriver
remote stacktrace: Backtrace:
	Ordinal0 [0x00AC5843+2512963]
	Ordinal0 [0x00A5EED1+2092753]
	Ordinal0 [0x00961F48+1056584]
	Ordinal0 [0x009801AA+1180074]
	Ordinal0 [0x0097C0C5+1163461]
	Ordinal0 [0x0097990F+1153295]
	Ordinal0 [0x009A994F+1349967]
	Ordinal0 [0x009A95BA+1349050]
	Ordinal0 [0x009A54BB+1332411]
	Ordinal0 [0x00981D14+1187092]
	Ordinal0 [0x00982B79+1190777]
	GetHandleVerifier [0x00C40C56+1501718]
	GetHandleVerifier [0x00CEE97F+2213695]
	GetHandleVerifier [0x00B48C92+485970]
	GetHandleVerifier [0x00B47D59+482073]
	Ordinal0 [0x00A6471D+2115357]
	Ordinal0 [0x00A68678+2131576]
	Ordinal0 [0x00A687B2+2131890]
	Ordinal0 [0x00A71971+2169201]
	BaseThreadInitThunk [0x7542FA29+25]
	RtlGetAppContainerNamedObjectPath [0x773A7A9E+286]
	RtlGetAppContainerNamedObjectPath [0x773A7A6E+238]
">
      <![CDATA[org.openqa.selenium.SessionNotCreatedException: session not created: This version of ChromeDriver only supports Chrome version 92
Current browser version is 97.0.4692.71 with binary path C:\Program Files (x86)\Google\Chrome\Application\chrome.exe
Build info: version: '3.141.5', revision: 'd54ebd709a', time: '2018-11-06T11:42:16'
System info: host: 'WTIN01503525L', ip: '10.252.169.125', os.name: 'Windows 10', os.arch: 'x86', os.version: '10.0', java.version: '1.8.0_281'
Driver info: driver.version: ChromeDriver
remote stacktrace: Backtrace:
	Ordinal0 [0x00AC5843+2512963]
	Ordinal0 [0x00A5EED1+2092753]
	Ordinal0 [0x00961F48+1056584]
	Ordinal0 [0x009801AA+1180074]
	Ordinal0 [0x0097C0C5+1163461]
	Ordinal0 [0x0097990F+1153295]
	Ordinal0 [0x009A994F+1349967]
	Ordinal0 [0x009A95BA+1349050]
	Ordinal0 [0x009A54BB+1332411]
	Ordinal0 [0x00981D14+1187092]
	Ordinal0 [0x00982B79+1190777]
	GetHandleVerifier [0x00C40C56+1501718]
	GetHandleVerifier [0x00CEE97F+2213695]
	GetHandleVerifier [0x00B48C92+485970]
	GetHandleVerifier [0x00B47D59+482073]
	Ordinal0 [0x00A6471D+2115357]
	Ordinal0 [0x00A68678+2131576]
	Ordinal0 [0x00A687B2+2131890]
	Ordinal0 [0x00A71971+2169201]
	BaseThreadInitThunk [0x7542FA29+25]
	RtlGetAppContainerNamedObjectPath [0x773A7A9E+286]
	RtlGetAppContainerNamedObjectPath [0x773A7A6E+238]

	at sun.reflect.NativeConstructorAccessorImpl.newInstance0(Native Method)
	at sun.reflect.NativeConstructorAccessorImpl.newInstance(Unknown Source)
	at sun.reflect.DelegatingConstructorAccessorImpl.newInstance(Unknown Source)
	at java.lang.reflect.Constructor.newInstance(Unknown Source)
	at org.openqa.selenium.remote.W3CHandshakeResponse.lambda$errorHandler$0(W3CHandshakeResponse.java:62)
	at org.openqa.selenium.remote.HandshakeResponse.lambda$getResponseFunction$0(HandshakeResponse.java:30)
	at org.openqa.selenium.remote.ProtocolHandshake.lambda$createSession$0(ProtocolHandshake.java:123)
	at java.util.stream.ReferencePipeline$3$1.accept(Unknown Source)
	at java.util.Spliterators$ArraySpliterator.tryAdvance(Unknown Source)
	at java.util.stream.ReferencePipeline.forEachWithCancel(Unknown Source)
	at java.util.stream.AbstractPipeline.copyIntoWithCancel(Unknown Source)
	at java.util.stream.AbstractPipeline.copyInto(Unknown Source)
	at java.util.stream.AbstractPipeline.wrapAndCopyInto(Unknown Source)
	at java.util.stream.FindOps$FindOp.evaluateSequential(Unknown Source)
	at java.util.stream.AbstractPipeline.evaluate(Unknown Source)
	at java.util.stream.ReferencePipeline.findFirst(Unknown Source)
	at org.openqa.selenium.remote.ProtocolHandshake.createSession(ProtocolHandshake.java:125)
	at org.openqa.selenium.remote.ProtocolHandshake.createSession(ProtocolHandshake.java:74)
	at org.openqa.selenium.remote.HttpCommandExecutor.execute(HttpCommandExecutor.java:136)
	at org.openqa.selenium.remote.service.DriverCommandExecutor.execute(DriverCommandExecutor.java:83)
	at org.openqa.selenium.remote.RemoteWebDriver.execute(RemoteWebDriver.java:552)
	at org.openqa.selenium.remote.RemoteWebDriver.startSession(RemoteWebDriver.java:213)
	at org.openqa.selenium.remote.RemoteWebDriver.<init>(RemoteWebDriver.java:131)
	at org.openqa.selenium.chrome.ChromeDriver.<init>(ChromeDriver.java:181)
	at org.openqa.selenium.chrome.ChromeDriver.<init>(ChromeDriver.java:168)
	at org.openqa.selenium.chrome.ChromeDriver.<init>(ChromeDriver.java:157)
	at driverfactory.ChromeDriverManager.createDriver(ChromeDriverManager.java:20)
	at driverfactory.DriverFactory.createWebDriverInstance(DriverFactory.java:19)
	at tests.BFO_SAP_RELTIO_POC.setup(BFO_SAP_RELTIO_POC.java:32)
	at sun.reflect.NativeMethodAccessorImpl.invoke0(Native Method)
	at sun.reflect.NativeMethodAccessorImpl.invoke(Unknown Source)
	at sun.reflect.DelegatingMethodAccessorImpl.invoke(Unknown Source)
	at java.lang.reflect.Method.invoke(Unknown Source)
	at org.testng.internal.MethodInvocationHelper.invokeMethod(MethodInvocationHelper.java:86)
	at org.testng.internal.Invoker.invokeConfigurationMethod(Invoker.java:514)
	at org.testng.internal.Invoker.invokeConfigurations(Invoker.java:215)
	at org.testng.internal.Invoker.invokeConfigurations(Invoker.java:142)
	at org.testng.TestRunner.beforeRun(TestRunner.java:656)
	at org.testng.TestRunner.run(TestRunner.java:624)
	at org.testng.SuiteRunner.runTest(SuiteRunner.java:366)
	at org.testng.SuiteRunner.runSequentially(SuiteRunner.java:361)
	at org.testng.SuiteRunner.privateRun(SuiteRunner.java:319)
	at org.testng.SuiteRunner.run(SuiteRunner.java:268)
	at org.testng.SuiteRunnerWorker.runSuite(SuiteRunnerWorker.java:52)
	at org.testng.SuiteRunnerWorker.run(SuiteRunnerWorker.java:86)
	at org.testng.TestNG.runSuitesSequentially(TestNG.java:1244)
	at org.testng.TestNG.runSuitesLocally(TestNG.java:1169)
	at org.testng.TestNG.run(TestNG.java:1064)
	at org.testng.remote.RemoteTestNG.run(RemoteTestNG.java:113)
	at org.testng.remote.RemoteTestNG.initAndRun(RemoteTestNG.java:206)
	at org.testng.remote.RemoteTestNG.main(RemoteTestNG.java:177)
]]>
    </error>
  </testcase> <!-- reltioPOC_SyncAccountFromBFOToSAP -->
</testsuite> <!-- tests.BFO_SAP_RELTIO_POC -->
